============================= test session starts ==============================
platform darwin -- Python 3.10.9, pytest-9.0.2, pluggy-1.6.0
rootdir: /Users/hayde/IdeaProjects/test_graph
plugins: anyio-4.9.0, timeout-2.4.0, asyncio-1.3.0, langsmith-0.3.42
asyncio: mode=strict, debug=False, asyncio_default_fixture_loop_scope=None, asyncio_default_test_loop_scope=function
collected 17 items

specs/program_model/tests/test_program_model_onboarding.py ...           [ 17%]
specs/program_model/tests/test_resumable_build_workflow.py ...           [ 35%]
specs/current/tests/test_current_ticket_workflow.py ........             [ 82%]
specs/desired_program_model/tests/test_desired_branch_environment_workflow.py . [ 88%]
..                                                                       [100%]

============================== 17 passed in 0.04s ==============================
